\BOOKMARK [0][-]{chapter.3}{\376\377\000I\000n\000t\000r\000o\000d\000u\000c\000t\000i\000o\000n}{}% 1
\BOOKMARK [0][-]{chapter.4}{\376\377\000M\000o\000t\000i\000v\000a\000t\000i\000o\000n}{}% 2
\BOOKMARK [0][-]{chapter.5}{\376\377\000B\000a\000c\000k\000g\000r\000o\000u\000n\000d\000\040\000I\000n\000f\000o\000r\000m\000a\000t\000i\000o\000n}{}% 3
\BOOKMARK [1][-]{section.6}{\376\377\000W\000h\000a\000t\000\040\000i\000s\000\040\000M\000i\000x\000e\000d\000\040\000R\000e\000a\000l\000i\000t\000y\000?}{chapter.5}% 4
\BOOKMARK [1][-]{section.7}{\376\377\000E\000x\000i\000s\000t\000i\000n\000g\000\040\000M\000i\000x\000e\000d\000\040\000R\000e\000a\000l\000i\000t\000y\000\040\000A\000p\000p\000l\000i\000c\000a\000t\000i\000o\000n}{chapter.5}% 5
\BOOKMARK [2][-]{subsection.8}{\376\377\000M\000i\000x\000e\000d\000\040\000R\000e\000a\000l\000i\000t\000y\000\040\000D\000e\000s\000k\000t\000o\000p}{section.7}% 6
\BOOKMARK [2][-]{subsection.9}{\376\377\000M\000i\000x\000e\000d\000\040\000R\000e\000a\000l\000i\000t\000y\000\040\000A\000p\000p\000l\000i\000c\000a\000t\000i\000o\000n\000\040\000i\000n\000\040\000E\000d\000u\000c\000a\000t\000i\000o\000n}{section.7}% 7
\BOOKMARK [0][-]{chapter.10}{\376\377\000P\000r\000o\000j\000e\000c\000t\000\040\000r\000e\000q\000u\000i\000r\000e\000m\000e\000n\000t\000s}{}% 8
\BOOKMARK [1][-]{section.11}{\376\377\000H\000y\000b\000r\000i\000d\000\040\000D\000e\000s\000k\000t\000o\000p\000\040\000w\000i\000t\000h\000\040\000M\000i\000x\000e\000d\000\040\000R\000e\000a\000l\000i\000t\000y\000\040\000s\000u\000r\000v\000e\000y}{chapter.10}% 9
\BOOKMARK [1][-]{section.13}{\376\377\000S\000c\000e\000n\000a\000r\000i\000o}{chapter.10}% 10
\BOOKMARK [1][-]{section.14}{\376\377\000P\000r\000o\000p\000o\000s\000e\000d\000\040\000f\000u\000n\000c\000t\000i\000o\000n\000a\000l\000i\000t\000y}{chapter.10}% 11
\BOOKMARK [2][-]{subsection.15}{\376\377\000A\000R\000\040\000d\000o\000c\000u\000m\000e\000n\000t\000\040\000l\000i\000s\000t\000\040\000a\000n\000d\000\040\000P\000D\000F\000\040\000r\000e\000a\000d\000e\000r}{section.14}% 12
\BOOKMARK [2][-]{subsection.16}{\376\377\000B\000u\000l\000l\000e\000t\000\040\000b\000o\000a\000r\000d}{section.14}% 13
\BOOKMARK [2][-]{subsection.17}{\376\377\000A\000r\000t\000i\000f\000i\000c\000i\000a\000l\000\040\000I\000n\000t\000e\000l\000l\000i\000g\000e\000n\000c\000e\000\040\000s\000e\000r\000v\000a\000n\000t}{section.14}% 14
\BOOKMARK [2][-]{subsection.18}{\376\377\000E\000l\000e\000c\000t\000r\000o\000n\000i\000c\000\040\000a\000n\000n\000o\000t\000a\000t\000i\000o\000n\000\040\000d\000i\000s\000p\000l\000a\000y\000i\000n\000g\000\040\000s\000y\000s\000t\000e\000m}{section.14}% 15
\BOOKMARK [2][-]{subsection.19}{\376\377\000H\000y\000b\000r\000i\000d\000\040\000D\000e\000s\000k\000t\000o\000p\000\040\000W\000e\000b\000s\000i\000t\000e}{section.14}% 16
\BOOKMARK [1][-]{section.20}{\376\377\000P\000l\000a\000t\000f\000o\000r\000m\000s\000\040\000a\000n\000d\000\040\000T\000o\000o\000l\000s}{chapter.10}% 17
\BOOKMARK [2][-]{subsection.21}{\376\377\000U\000n\000i\000t\000y\000\040\000a\000s\000\040\000d\000e\000v\000e\000l\000o\000p\000i\000n\000g\000\040\000p\000l\000a\000t\000f\000o\000r\000m}{section.20}% 18
\BOOKMARK [2][-]{subsection.22}{\376\377\000L\000e\000a\000p\000\040\000M\000o\000t\000i\000o\000n\000\040\000f\000o\000r\000\040\000s\000u\000p\000p\000o\000r\000t\000i\000n\000g\000\040\000g\000e\000s\000t\000u\000r\000e\000s}{section.20}% 19
\BOOKMARK [2][-]{subsection.23}{\376\377\000S\000o\000f\000t\000w\000a\000r\000e\000\040\000d\000e\000v\000e\000l\000o\000p\000m\000e\000n\000t\000\040\000K\000i\000t}{section.20}% 20
\BOOKMARK [2][-]{subsection.24}{\376\377\000P\000r\000o\000g\000r\000a\000m\000m\000i\000n\000g\000\040\000L\000a\000n\000g\000u\000a\000g\000e\000s}{section.20}% 21
\BOOKMARK [2][-]{subsection.25}{\376\377\000D\000a\000t\000a\000b\000a\000s\000e\000\040\000s\000e\000l\000e\000c\000t\000i\000o\000n}{section.20}% 22
\BOOKMARK [0][-]{chapter.26}{\376\377\000D\000e\000s\000i\000g\000n}{}% 23
\BOOKMARK [1][-]{section.27}{\376\377\000U\000s\000e\000r\000\040\000I\000n\000t\000e\000r\000f\000a\000c\000e\000\040\000D\000e\000s\000i\000g\000n}{chapter.26}% 24
\BOOKMARK [2][-]{subsection.28}{\376\377\000G\000r\000a\000p\000h\000i\000c\000s\000\040\000d\000e\000s\000i\000g\000n}{section.27}% 25
\BOOKMARK [2][-]{subsection.30}{\376\377\000G\000e\000s\000t\000u\000r\000e\000\040\000i\000n\000t\000e\000r\000a\000c\000t\000i\000o\000n\000\040\000d\000e\000s\000i\000g\000n}{section.27}% 26
\BOOKMARK [1][-]{section.31}{\376\377\000S\000y\000s\000t\000e\000m\000\040\000S\000t\000r\000u\000c\000t\000u\000r\000e\000\040\000d\000e\000s\000i\000g\000n}{chapter.26}% 27
\BOOKMARK [2][-]{subsection.32}{\376\377\000F\000r\000a\000m\000e\000w\000o\000r\000k\000\040\000d\000e\000s\000i\000g\000n}{section.31}% 28
\BOOKMARK [2][-]{subsection.34}{\376\377\000D\000a\000t\000a\000b\000a\000s\000e\000\040\000d\000e\000s\000i\000g\000n}{section.31}% 29
\BOOKMARK [0][-]{chapter.36}{\376\377\000S\000o\000f\000t\000w\000a\000r\000e\000\040\000I\000m\000p\000l\000e\000m\000e\000n\000t\000a\000t\000i\000o\000n}{}% 30
\BOOKMARK [1][-]{section.37}{\376\377\000P\000D\000F\000\040\000r\000e\000a\000d\000e\000r\000\040\000a\000n\000d\000\040\000D\000o\000c\000u\000m\000e\000n\000t\000\040\000L\000i\000s\000t}{chapter.36}% 31
\BOOKMARK [1][-]{section.39}{\376\377\000H\000y\000b\000r\000i\000d\000\040\000d\000e\000s\000k\000t\000o\000p\000\040\000w\000e\000b\000s\000i\000t\000e}{chapter.36}% 32
\BOOKMARK [1][-]{section.41}{\376\377\000B\000u\000l\000l\000e\000t\000i\000n\000\040\000b\000o\000a\000r\000d}{chapter.36}% 33
\BOOKMARK [1][-]{section.44}{\376\377\000E\000l\000e\000c\000t\000r\000o\000n\000i\000c\000\040\000a\000n\000n\000o\000t\000a\000t\000i\000o\000n\000\040\000d\000i\000s\000p\000l\000a\000y\000i\000n\000g\000\040\000s\000y\000s\000t\000e\000m}{chapter.36}% 34
\BOOKMARK [1][-]{section.46}{\376\377\000L\000e\000a\000p\000\040\000M\000o\000t\000i\000o\000n\000\040\000w\000i\000t\000h\000\040\000i\000P\000h\000o\000n\000e}{chapter.36}% 35
\BOOKMARK [2][-]{subsection.47}{\376\377\000S\000o\000c\000k\000e\000t\000\040\000c\000o\000m\000m\000u\000n\000i\000c\000a\000t\000i\000o\000n\000\040\000f\000o\000r\000\040\000s\000e\000r\000v\000e\000r\000\050\000P\000C\000\051\000\040\000a\000n\000d\000\040\000c\000l\000i\000e\000n\000t\000\050\000i\000P\000h\000o\000n\000e\000\051}{section.46}% 36
\BOOKMARK [2][-]{subsection.49}{\376\377\000C\000o\000o\000r\000d\000i\000n\000a\000t\000e\000\040\000s\000y\000s\000t\000e\000m\000\040\000a\000n\000d\000\040\000M\000o\000t\000i\000o\000n\000\040\000t\000r\000a\000c\000k\000i\000n\000g\000\040\000d\000a\000t\000a}{section.46}% 37
\BOOKMARK [2][-]{subsection.50}{\376\377\000C\000o\000n\000v\000e\000r\000s\000i\000o\000n\000\040\000b\000e\000t\000w\000e\000e\000n\000\040\000g\000e\000s\000t\000u\000r\000e\000\040\000a\000n\000d\000\040\000c\000o\000m\000m\000a\000n\000d}{section.46}% 38
\BOOKMARK [2][-]{subsection.52}{\376\377\000P\000e\000r\000f\000o\000r\000m\000i\000n\000g\000\040\000L\000e\000a\000p\000\040\000M\000o\000t\000i\000o\000n\000\040\000c\000o\000n\000t\000r\000o\000l\000l\000i\000n\000g\000\040\000w\000i\000t\000h\000\040\000i\000P\000h\000o\000n\000e}{section.46}% 39
\BOOKMARK [1][-]{section.53}{\376\377\000A\000I\000\040\000s\000e\000r\000v\000a\000n\000t}{chapter.36}% 40
\BOOKMARK [0][-]{chapter.54}{\376\377\000E\000v\000a\000l\000u\000a\000t\000i\000o\000n\000\040\000o\000f\000\040\000t\000h\000e\000\040\000p\000r\000o\000j\000e\000c\000t}{}% 41
\BOOKMARK [1][-]{section.55}{\376\377\000T\000e\000s\000t\000i\000n\000g\000\040\000M\000e\000t\000h\000o\000d\000o\000l\000o\000g\000y}{chapter.54}% 42
\BOOKMARK [1][-]{section.56}{\376\377\000U\000s\000e\000r\000\040\000t\000e\000s\000t\000i\000n\000g\000\040\000a\000n\000d\000\040\000i\000n\000t\000e\000r\000v\000i\000e\000w}{chapter.54}% 43
\BOOKMARK [2][-]{subsection.57}{\376\377\000E\000v\000a\000l\000u\000a\000t\000i\000o\000n\000\040\000o\000f\000\040\000P\000D\000F\000\040\000r\000e\000a\000d\000e\000r}{section.56}% 44
\BOOKMARK [2][-]{subsection.58}{\376\377\000E\000v\000a\000l\000u\000a\000t\000i\000o\000n\000\040\000o\000f\000\040\000B\000u\000l\000l\000e\000t\000i\000n\000\040\000b\000o\000a\000r\000d}{section.56}% 45
\BOOKMARK [2][-]{subsection.59}{\376\377\000E\000v\000a\000l\000u\000a\000t\000i\000o\000n\000\040\000o\000f\000\040\000A\000I\000\040\000s\000e\000r\000v\000a\000n\000t}{section.56}% 46
\BOOKMARK [2][-]{subsection.60}{\376\377\000E\000v\000a\000l\000u\000a\000t\000i\000o\000n\000\040\000o\000f\000\040\000H\000y\000b\000r\000i\000d\000\040\000D\000e\000s\000k\000t\000o\000p\000\040\000w\000e\000b\000s\000i\000t\000e}{section.56}% 47
\BOOKMARK [2][-]{subsection.61}{\376\377\000E\000v\000a\000l\000u\000a\000t\000i\000o\000n\000\040\000o\000f\000\040\000m\000y\000\040\000p\000r\000o\000j\000e\000c\000t}{section.56}% 48
\BOOKMARK [1][-]{section.62}{\376\377\000S\000u\000c\000c\000e\000s\000s\000e\000s\000\040\000a\000n\000d\000\040\000L\000i\000m\000i\000t\000a\000t\000i\000o\000n\000\040\000o\000f\000\040\000t\000h\000e\000\040\000p\000r\000o\000j\000e\000c\000t}{chapter.54}% 49
\BOOKMARK [0][-]{chapter.63}{\376\377\000F\000u\000r\000t\000h\000e\000r\000\040\000w\000o\000r\000k}{}% 50
\BOOKMARK [1][-]{section.64}{\376\377\000I\000m\000p\000r\000o\000v\000e\000\040\000e\000x\000p\000e\000r\000i\000e\000n\000c\000e\000\040\000w\000i\000t\000h\000\040\000n\000e\000w\000\040\000d\000e\000v\000i\000c\000e}{chapter.63}% 51
\BOOKMARK [1][-]{section.65}{\376\377\000M\000o\000r\000e\000\040\000U\000s\000a\000b\000i\000l\000i\000t\000y\000\040\000i\000m\000p\000r\000o\000v\000e\000m\000e\000n\000t}{chapter.63}% 52
\BOOKMARK [1][-]{section.66}{\376\377\000I\000n\000t\000r\000o\000d\000u\000c\000e\000\040\0003\000D\000\040\000p\000r\000i\000n\000t\000i\000n\000g\000\040\000t\000o\000\040\000H\000y\000b\000r\000i\000d\000\040\000D\000e\000s\000k\000t\000o\000p}{chapter.63}% 53
\BOOKMARK [0][-]{chapter.67}{\376\377\000S\000u\000m\000m\000a\000r\000y\000\040\000a\000n\000d\000\040\000p\000e\000r\000s\000o\000n\000a\000l\000\040\000E\000v\000a\000l\000u\000a\000t\000i\000o\000n}{}% 54
\BOOKMARK [1][-]{section.68}{\376\377\000P\000r\000o\000j\000e\000c\000t\000\040\000m\000a\000n\000a\000g\000e\000m\000e\000n\000t}{chapter.67}% 55
\BOOKMARK [1][-]{section.70}{\376\377\000S\000e\000l\000f\000\040\000r\000e\000f\000l\000e\000c\000t\000i\000o\000n}{chapter.67}% 56
\BOOKMARK [0][-]{appendix*.71}{\376\377\000B\000i\000b\000l\000i\000o\000g\000r\000a\000p\000h\000y}{}% 57
